[debug] [2020-10-18T15:26:56.175Z] ----------------------------------------------------------------------
[debug] [2020-10-18T15:26:56.178Z] Command:       C:\Program Files\nodejs\node.exe C:\Users\Bhushan\AppData\Roaming\npm\node_modules\firebase-tools\lib\bin\firebase.js deploy
[debug] [2020-10-18T15:26:56.179Z] CLI Version:   8.10.0
[debug] [2020-10-18T15:26:56.179Z] Platform:      win32
[debug] [2020-10-18T15:26:56.179Z] Node Version:  v13.13.0
[debug] [2020-10-18T15:26:56.190Z] Time:          Sun Oct 18 2020 20:56:56 GMT+0530 (India Standard Time)
[debug] [2020-10-18T15:26:56.191Z] ----------------------------------------------------------------------
[debug] [2020-10-18T15:26:56.191Z] 
[debug] [2020-10-18T15:26:56.203Z] > command requires scopes: ["email","openid","https://www.googleapis.com/auth/cloudplatformprojects.readonly","https://www.googleapis.com/auth/firebase","https://www.googleapis.com/auth/cloud-platform"]
[debug] [2020-10-18T15:26:56.204Z] > authorizing via signed-in user
[debug] [2020-10-18T15:26:56.204Z] [iam] checking project advance-notepad-2d32c for permissions ["firebase.projects.get","firebasehosting.sites.update"]
[debug] [2020-10-18T15:26:56.208Z] > refreshing access token with scopes: ["email","https://www.googleapis.com/auth/cloud-platform","https://www.googleapis.com/auth/cloudplatformprojects.readonly","https://www.googleapis.com/auth/firebase","openid"]
[debug] [2020-10-18T15:26:56.208Z] >>> HTTP REQUEST POST https://www.googleapis.com/oauth2/v3/token  
 <request body omitted>
[debug] [2020-10-18T15:27:07.365Z] [iam] error while checking permissions, command may fail: FirebaseError: Authentication Error: Your credentials are no longer valid. Please run firebase login --reauth

For CI servers and headless environments, generate a new token with firebase login:ci
[debug] [2020-10-18T15:27:07.367Z] > refreshing access token with scopes: ["email","https://www.googleapis.com/auth/cloud-platform","https://www.googleapis.com/auth/cloudplatformprojects.readonly","https://www.googleapis.com/auth/firebase","openid"]
[debug] [2020-10-18T15:27:07.367Z] >>> HTTP REQUEST POST https://www.googleapis.com/oauth2/v3/token  
 <request body omitted>
[debug] [2020-10-18T15:27:18.518Z] Authentication Error: Your credentials are no longer valid. Please run firebase login --reauth

For CI servers and headless environments, generate a new token with firebase login:ci
[debug] [2020-10-18T15:27:35.857Z] FirebaseError: Authentication Error: Your credentials are no longer valid. Please run firebase login --reauth

For CI servers and headless environments, generate a new token with firebase login:ci
    at Object.<anonymous> (C:\Users\Bhushan\AppData\Roaming\npm\node_modules\firebase-tools\lib\auth.js:23:32)
    at Module._compile (internal/modules/cjs/loader.js:1123:30)
    at Object.Module._extensions..js (internal/modules/cjs/loader.js:1143:10)
    at Module.load (internal/modules/cjs/loader.js:972:32)
    at Function.Module._load (internal/modules/cjs/loader.js:872:14)
    at Module.require (internal/modules/cjs/loader.js:1012:19)
    at require (internal/modules/cjs/helpers.js:72:18)
    at Object.<anonymous> (C:\Users\Bhushan\AppData\Roaming\npm\node_modules\firebase-tools\lib\init\features\hosting\github.js:20:16)
    at Module._compile (internal/modules/cjs/loader.js:1123:30)
    at Object.Module._extensions..js (internal/modules/cjs/loader.js:1143:10)
    at Module.load (internal/modules/cjs/loader.js:972:32)
    at Function.Module._load (internal/modules/cjs/loader.js:872:14)
    at Module.require (internal/modules/cjs/loader.js:1012:19)
    at require (internal/modules/cjs/helpers.js:72:18)
    at Object.<anonymous> (C:\Users\Bhushan\AppData\Roaming\npm\node_modules\firebase-tools\lib\init\features\hosting\index.js:7:22)
    at Module._compile (internal/modules/cjs/loader.js:1123:30)
[error] 
[error] Error: Failed to get Firebase project advance-notepad-2d32c. Please make sure the project exists and your account has permission to access it.
